undefined  error - 500 - User unauthorized - POST - /api/auth/logout - ::1
undefined  error - 500 - User unauthorized - POST - /api/auth/logout - ::1
undefined  error - 500 - User Not Found  - GET - /api/auth/profile - ::1
undefined  error - 500 - User Not Found  - GET - /api/auth/profile - ::1
undefined  error - 500 - User Not Found  - GET - /api/auth/profile - ::1
undefined  error - 500 - User Not Found  - GET - /api/auth/profile - ::1
undefined  error - 500 - User Not Found  - GET - /api/auth/profile - ::1
undefined  error - 500 - User Not Found  - GET - /api/auth/profile - ::1
undefined  error - 500 - User Not Found  - GET - /api/auth/profile - ::1
2025-04-26T05:29:52.976Z  error - 500 - Cannot read properties of undefined (reading '_id') - POST - /api/property/create - ::1
2025-04-26T05:39:19.607Z  error - 500 - next is not defined - PUT - /api/property/update/680c7168fbaba36d7338d577 - ::1
2025-05-01T09:00:22.868Z  error - 500 - Reached the max retries per request limit (which is 20). Refer to "maxRetriesPerRequest" option for details. - POST - /api/property/create - ::1
2025-05-01T09:00:22.872Z  error - 500 - Reached the max retries per request limit (which is 20). Refer to "maxRetriesPerRequest" option for details. - GET - /api/auth/profile - ::1
2025-05-03T13:39:39.576Z  error - 500 - Reached the max retries per request limit (which is 20). Refer to "maxRetriesPerRequest" option for details. - POST - /api/auth/logout - ::1
2025-05-03T13:39:39.578Z  error - 500 - Reached the max retries per request limit (which is 20). Refer to "maxRetriesPerRequest" option for details. - POST - /api/auth/logout - ::1
2025-05-03T13:39:41.485Z  error - 500 - Please login to access this resource - POST - /api/auth/logout - ::1
2025-05-03T13:42:27.810Z  error - 500 - Please login to access this resource - GET - /api/auth/profile - ::1
2025-05-03T13:44:07.075Z  error - 500 - Reached the max retries per request limit (which is 20). Refer to "maxRetriesPerRequest" option for details. - POST - /api/auth/logout - ::1
2025-05-03T13:44:07.076Z  error - 500 - Reached the max retries per request limit (which is 20). Refer to "maxRetriesPerRequest" option for details. - GET - /api/auth/profile - ::1
2025-05-03T14:05:12.837Z  error - 500 - Reached the max retries per request limit (which is 20). Refer to "maxRetriesPerRequest" option for details. - POST - /api/auth/logout - ::1
2025-05-03T14:05:12.843Z  error - 500 - Reached the max retries per request limit (which is 20). Refer to "maxRetriesPerRequest" option for details. - GET - /api/auth/profile - ::1
2025-05-03T14:05:12.845Z  error - 500 - Reached the max retries per request limit (which is 20). Refer to "maxRetriesPerRequest" option for details. - GET - /api/auth/profile - ::1
2025-05-03T14:07:01.956Z  error - 500 - cacheClient.get is not a function - POST - /api/auth/logout - ::1
2025-05-03T14:08:19.870Z  error - 500 - Please login to access this resource - GET - /api/auth/profile - ::1
2025-05-03T14:12:16.959Z  error - 500 - Invalid email or password - POST - /api/auth/login - ::1
2025-05-03T14:12:24.615Z  error - 500 - Invalid email or password - POST - /api/auth/login - ::1
2025-05-03T14:15:05.423Z  error - 500 - Error in updating property - PUT - /api/property/update/681623a9581b98d0c1f2a905 - ::1
2025-05-03T14:15:48.190Z  error - 500 - Error in updating property - PUT - /api/property/update/681623a9581b98d0c1f2a905 - ::1
2025-05-03T14:16:42.552Z  error - 500 - Error in updating property - PUT - /api/property/update/681623a9581b98d0c1f2a905 - ::1
2025-05-03T14:23:07.246Z  error - 500 - Property not found - POST - /api/property/search - ::1
2025-05-03T14:33:37.642Z  error - 500 -  - POST - /api/booking/create - ::1
2025-05-03T14:34:24.938Z  error - 500 -  - POST - /api/booking/create - ::1
2025-05-03T14:37:35.666Z  error - 500 -  - POST - /api/booking/create - ::1
2025-05-03T14:39:03.899Z  error - 500 -  - POST - /api/booking/create - ::1
2025-05-03T14:47:59.928Z  error - 500 -  - POST - /api/booking/create - ::1
2025-05-03T14:48:54.799Z  error - 500 -  - POST - /api/booking/create - ::1
2025-05-03T14:49:51.664Z  error - 500 - bookingConfirmationTemplate is not defined - POST - /api/booking/create - ::1
2025-05-03T14:53:06.690Z  error - 500 - Cannot read properties of undefined (reading 'status') - POST - /api/booking/create - ::1
2025-05-03T14:57:34.305Z  error - 500 - bookingConfirmationTemplate is not a function - POST - /api/booking/create - ::1
2025-05-03T15:01:35.049Z  error - 500 - sendEmail is not a function - POST - /api/booking/create - ::1
2025-05-03T15:02:25.416Z  error - 500 - connect ETIMEDOUT 64.233.170.108:465 - POST - /api/booking/create - ::1
2025-05-03T15:03:49.475Z  error - 500 - connect ETIMEDOUT 64.233.170.108:465 - POST - /api/booking/create - ::1
2025-05-03T15:04:52.808Z  error - 500 - connect ETIMEDOUT 64.233.170.108:465 - POST - /api/booking/create - ::1
2025-05-03T15:09:06.557Z  error - 500 - connect ETIMEDOUT 172.253.118.109:465 - POST - /api/booking/create - ::1
2025-05-03T15:13:03.635Z  error - 500 - connect ETIMEDOUT 142.250.4.108:465 - POST - /api/booking/create - ::1
2025-05-03T15:15:15.389Z  error - 500 - connect ETIMEDOUT 142.250.4.108:587 - POST - /api/booking/create - ::1
2025-05-03T15:17:59.721Z  error - 500 - connect ETIMEDOUT 142.250.4.108:465 - POST - /api/booking/create - ::1
2025-05-03T15:19:19.081Z  error - 500 - connect ETIMEDOUT 142.250.4.108:587 - POST - /api/booking/create - ::1
2025-05-03T15:26:39.590Z  error - 500 - connect ETIMEDOUT 64.233.170.108:587 - POST - /api/booking/create - ::1
2025-05-03T15:27:59.603Z  error - 500 - connect ETIMEDOUT 64.233.170.108:587 - POST - /api/booking/create - ::1
2025-05-04T04:03:37.400Z  error - 500 - Please login to access this resource - POST - /api/booking/create - ::1
2025-05-04T04:04:12.871Z  error - 500 - connect ETIMEDOUT 142.250.4.108:587 - POST - /api/booking/create - ::1
2025-05-04T04:10:40.060Z  error - 500 - sendEmail is not a function - POST - /api/booking/create - ::1
2025-05-04T04:51:13.965Z  error - 500 - Booking id is required - PUT - /api/booking/6816ee13e32fe71c2ed6a1d2 - ::1
2025-05-04T04:51:44.825Z  error - 500 - bookings is not defined - PUT - /api/booking/6816ee13e32fe71c2ed6a1d2 - ::1
2025-05-04T05:05:14.747Z  error - 500 - CustomError is not defined - GET - /api/admin/all-users - ::1
2025-05-04T05:06:37.790Z  error - 500 - CustomError is not defined - GET - /api/admin/all-users - ::1
2025-05-04T05:07:21.636Z  error - 500 - CustomError is not defined - GET - /api/admin/all-users - ::1
2025-05-04T05:07:44.660Z  error - 500 - Cannot read properties of undefined (reading 'isAdmin') - GET - /api/admin/all-users - ::1
2025-05-04T05:08:54.101Z  error - 500 - Cannot read properties of undefined (reading 'isAdmin') - GET - /api/admin/all-users - ::1
2025-05-04T05:09:20.597Z  error - 500 - Cannot read properties of undefined (reading 'isAdmin') - GET - /api/admin/all-users - ::1
2025-05-04T05:14:03.133Z  error - 500 - Cannot read properties of undefined (reading 'isAdmin') - GET - /api/admin/all-users - ::1
2025-05-04T05:15:35.474Z  error - 500 - Cannot read properties of undefined (reading 'isAdmin') - GET - /api/admin/all-users - ::1
2025-05-04T05:16:43.163Z  error - 500 - Cannot read properties of undefined (reading 'isAdmin') - GET - /api/admin/all-users - ::1
2025-05-04T05:17:04.599Z  error - 500 - CustomError is not defined - GET - /api/admin/all-users - ::1
2025-05-04T05:17:37.838Z  error - 500 - CustomError is not defined - GET - /api/admin/all-users - ::1
2025-05-04T05:18:01.165Z  error - 500 - CustomError is not defined - GET - /api/admin/all-users - ::1
2025-05-04T05:18:58.513Z  error - 500 - CustomError is not defined - GET - /api/admin/all-users - ::1
2025-05-04T05:19:14.377Z  error - 500 - CustomError is not defined - GET - /api/admin/all-users - ::1
2025-05-04T05:19:26.496Z  error - 500 - CustomError is not defined - GET - /api/admin/all-users - ::1
2025-05-04T05:19:49.215Z  error - 500 - CustomError is not defined - GET - /api/admin/all-users - ::1
2025-05-04T05:21:53.230Z  error - 500 - Converting circular structure to JSON
    --> starting at object with constructor 'MongoClient'
    |     property 's' -> object with constructor 'Object'
    |     property 'sessionPool' -> object with constructor 'ServerSessionPool'
    --- property 'client' closes the circle - GET - /api/admin/all-users - ::1
2025-05-04T05:22:50.167Z  error - 500 - Converting circular structure to JSON
    --> starting at object with constructor 'MongoClient'
    |     property 's' -> object with constructor 'Object'
    |     property 'sessionPool' -> object with constructor 'ServerSessionPool'
    --- property 'client' closes the circle - GET - /api/admin/all-users - ::1
2025-05-04T05:23:34.617Z  error - 500 - Converting circular structure to JSON
    --> starting at object with constructor 'MongoClient'
    |     property 's' -> object with constructor 'Object'
    |     property 'sessionPool' -> object with constructor 'ServerSessionPool'
    --- property 'client' closes the circle - GET - /api/admin/all-users - ::1
2025-05-04T05:42:03.331Z  error - 500 - Booking is not defined - GET - /api/admin/all-booking - ::1
2025-05-04T05:44:54.547Z  error - 500 - Property is not defined - GET - /api/admin/all-properties - ::1
2025-05-04T05:47:13.718Z  error - 500 - Property not found - DELETE - /api/admin/delete-property/6816242d581b98d0c1f2a908 - ::1
2025-05-04T07:06:00.981Z  error - 500 - User validation failed: username: Path `username` is required., phone: Path `phone` is required. - POST - /api/auth/register - ::1
2025-05-04T07:06:07.910Z  error - 500 - User validation failed: username: Path `username` is required., phone: Path `phone` is required. - POST - /api/auth/register - ::1
2025-05-05T14:13:33.952Z  error - 500 - Please login to access this resource - POST - /api/auth/logout - ::1
2025-05-05T14:40:44.900Z  error - 500 - Please login to access this resource - POST - /api/property/create - ::1
2025-05-05T14:40:51.185Z  error - 500 - Invalid email or password - POST - /api/auth/login - ::1
2025-05-06T09:06:51.674Z  error - 500 - Please login to access this resource - GET - /api/property/get-all - ::1
2025-05-06T09:06:51.702Z  error - 500 - Please login to access this resource - GET - /api/property/get-all - ::1
2025-05-06T09:07:07.512Z  error - 500 - Please login to access this resource - GET - /api/property/get-all - ::1
2025-05-06T09:38:02.897Z  error - 500 - CastError: Cast to ObjectId failed for value ":id" (type string) at path "_id" for model "Property" - GET - /api/property/get/:id - ::1
2025-05-06T09:38:14.708Z  error - 500 - CastError: Cast to ObjectId failed for value ":id" (type string) at path "_id" for model "Property" - GET - /api/property/get/:id - ::1
2025-05-06T09:39:26.940Z  error - 500 - CastError: Cast to ObjectId failed for value ":id" (type string) at path "_id" for model "Property" - GET - /api/property/get/:id - ::1
2025-05-06T09:40:46.017Z  error - 500 - CastError: Cast to ObjectId failed for value ":id" (type string) at path "_id" for model "Property" - GET - /api/property/get/:id - ::1
2025-05-06T09:41:38.736Z  error - 500 - CastError: Cast to ObjectId failed for value ":id" (type string) at path "_id" for model "Property" - GET - /api/property/get/:id - ::1
2025-05-06T09:43:04.819Z  error - 500 - CastError: Cast to ObjectId failed for value ":id" (type string) at path "_id" for model "Property" - GET - /api/property/get/:id - ::1
2025-05-06T10:18:42.483Z  error - 500 - jwt expired - GET - /api/property/get-all - ::1
2025-05-06T10:42:57.333Z  error - 500 - Error in updating property - PUT - /api/property/update/6816249c581b98d0c1f2a90f - ::1
2025-05-06T10:43:10.117Z  error - 500 - Error in updating property - PUT - /api/property/update/6816249c581b98d0c1f2a90f - ::1
2025-05-06T10:43:31.091Z  error - 500 - Error in updating property - PUT - /api/property/update/6816249c581b98d0c1f2a90f - ::1
2025-05-06T10:44:38.287Z  error - 500 - Error in updating property - PUT - /api/property/update/6816249c581b98d0c1f2a90f - ::1
2025-05-07T04:22:28.158Z  error - 500 - Please login to access this resource - GET - /api/property/get-all - ::1
2025-05-07T05:24:10.369Z  error - 500 - jwt expired - GET - /api/property/get/6818ce4c5d2cafb4750f1cec - ::1
2025-05-07T05:24:32.360Z  error - 500 - jwt expired - GET - /api/property/get/6818ce4c5d2cafb4750f1cec - ::1
2025-05-07T05:24:35.360Z  error - 500 - jwt expired - GET - /api/property/get/6818ce4c5d2cafb4750f1cec - ::1
2025-05-07T05:27:28.336Z  error - 500 - jwt expired - GET - /api/property/get/6818ce4c5d2cafb4750f1cec - ::1
2025-05-07T05:44:51.133Z  error - 400 - Unexpected non-whitespace character after JSON at position 172 - GET - /api/property/get-review/6818ce155d2cafb4750f1ce6 - ::1
2025-05-07T05:45:22.853Z  error - 400 - Unexpected non-whitespace character after JSON at position 172 - GET - /api/property/get-review/6818ce155d2cafb4750f1ce6 - ::1
2025-05-07T05:47:17.767Z  error - 400 - Unexpected non-whitespace character after JSON at position 172 - GET - /api/property/get-review/6818ce155d2cafb4750f1ce6 - ::1
2025-05-07T05:47:34.890Z  error - 400 - Unexpected non-whitespace character after JSON at position 173 - POST - /api/review/create - ::1
2025-05-07T06:35:05.251Z  error - 500 - jwt expired - GET - /api/property/get-all - ::1
2025-05-07T08:03:12.918Z  error - 500 - Please login to access this resource - GET - /api/property/get-all - ::1
2025-05-07T15:10:25.910Z  error - 500 - Please login to access this resource - GET - /api/property/get-all - ::1
2025-05-08T12:24:28.342Z  error - 500 - Please login to access this resource - GET - /api/property/get-all - ::1
2025-05-08T15:20:37.549Z  error - 500 - Please login to access this resource - GET - /api/property/get-all - ::1
2025-05-08T16:38:48.281Z  error - 500 - jwt expired - GET - /api/property/get/6818ce155d2cafb4750f1ce6 - ::1
2025-05-08T16:38:49.225Z  error - 500 - jwt expired - GET - /api/property/get-all - ::1
2025-05-08T16:38:51.651Z  error - 500 - jwt expired - GET - /api/property/get-all - ::1
2025-05-09T02:10:55.914Z  error - 500 - Please login to access this resource - GET - /api/property/get-all - ::1
2025-05-09T02:11:01.313Z  error - 500 - Please login to access this resource - GET - /api/property/get-all - ::1
2025-05-09T02:18:22.573Z  error - 500 - Property not found - POST - /api/booking/create - ::1
2025-05-09T02:20:30.426Z  error - 500 - Property not found - POST - /api/booking/create - ::1
2025-05-09T14:28:24.857Z  error - 500 - Please login to access this resource - GET - /api/property/get-all - ::1
2025-05-09T14:29:19.879Z  error - 500 - Please login to access this resource - GET - /api/property/get-all - ::1
2025-05-09T14:30:05.276Z  error - 500 - Please login to access this resource - GET - /api/property/get-all - ::1
2025-05-09T14:32:37.634Z  error - 500 - Please login to access this resource - GET - /api/property/get-all - ::1
2025-05-09T14:33:02.080Z  error - 500 - Please login to access this resource - GET - /api/property/get-all - ::1
2025-05-09T14:33:17.979Z  error - 500 - Please login to access this resource - GET - /api/property/get-all - ::1
2025-05-09T14:51:28.204Z  error - 500 - Please login to access this resource - GET - /api/property/get-all - ::1
2025-05-09T15:05:49.858Z  error - 500 - Property not found - POST - /api/booking/create - ::1
2025-05-09T17:03:15.567Z  error - 500 - jwt expired - GET - /api/property/get/6818ce155d2cafb4750f1ce6 - ::1
2025-05-10T06:25:19.842Z  error - 500 - Please login to access this resource - GET - /api/property/get-all - ::1
2025-05-10T06:26:23.276Z  error - 500 - Please login to access this resource - GET - /api/property/get-all - ::1
2025-05-10T06:29:47.273Z  error - 500 - Please login to access this resource - GET - /api/property/get-all - ::1
2025-05-10T06:41:41.993Z  error - 500 - Please login to access this resource - GET - /api/property/get-all - ::1
2025-05-10T08:27:01.857Z  error - 500 - Please login to access this resource - GET - /api/property/get-all - ::1
2025-05-10T09:00:04.150Z  error - 500 - CustomError is not defined - POST - /api/payment/payment-verify - ::1
2025-05-10T09:04:36.309Z  error - 500 - crypto.createHmac is not a function - POST - /api/payment/payment-verify - ::1
2025-05-10T09:11:50.131Z  error - 500 - The "key" argument must be of type string or an instance of ArrayBuffer, Buffer, TypedArray, DataView, KeyObject, or CryptoKey. Received undefined - POST - /api/payment/payment-verify - ::1
2025-05-10T09:12:10.660Z  error - 500 - The "key" argument must be of type string or an instance of ArrayBuffer, Buffer, TypedArray, DataView, KeyObject, or CryptoKey. Received undefined - POST - /api/payment/payment-verify - ::1
2025-05-10T09:13:40.355Z  error - 500 - bookingConfirmationTemplate is not defined - POST - /api/payment/payment-verify - ::1
2025-05-10T09:14:31.340Z  error - 500 - bookingConfirmationTemplate is not a function - POST - /api/payment/payment-verify - ::1
2025-05-10T09:14:42.954Z  error - 500 - sendEmail is not defined - POST - /api/payment/payment-verify - ::1
2025-05-10T09:43:20.324Z  error - 500 - jwt expired - GET - /api/property/get-all - ::1
2025-05-10T13:58:03.037Z  error - 500 - Please login to access this resource - GET - /api/property/get-all - ::1
2025-05-10T14:20:51.736Z  error - 500 - Please login to access this resource - GET - /api/property/get-all - ::1
2025-05-10T14:52:34.821Z  error - 500 - User is not defined - POST - /api/property/create - ::1
2025-05-10T14:52:34.826Z  error - 500 - User is not defined - POST - /api/property/create - ::1
2025-05-10T15:08:56.591Z  error - 500 - Please login to access this resource - GET - /api/auth/profile - ::1
2025-05-10T15:17:29.860Z  error - 500 - Please login to access this resource - GET - /api/property/get-all - ::1
2025-05-10T15:17:29.880Z  error - 500 - Please login to access this resource - GET - /api/auth/profile - ::1
2025-05-10T15:17:38.332Z  error - 500 - Please login to access this resource - GET - /api/property/get-all - ::1
2025-05-10T15:17:38.407Z  error - 500 - Please login to access this resource - GET - /api/auth/profile - ::1
2025-05-10T16:37:38.468Z  error - 500 - Please login to access this resource - GET - /api/property/get-all - ::1
2025-05-10T16:37:38.490Z  error - 500 - Please login to access this resource - GET - /api/auth/profile - ::1
2025-05-10T16:37:40.799Z  error - 500 - Please login to access this resource - GET - /api/property/get-all - ::1
2025-05-10T16:37:40.804Z  error - 500 - Please login to access this resource - GET - /api/auth/profile - ::1
2025-05-10T17:04:52.852Z  error - 500 - CastError: Cast to ObjectId failed for value "undefined" (type string) at path "_id" for model "Property" - GET - /api/property/get/undefined - ::1
2025-05-10T17:05:30.400Z  error - 500 - CastError: Cast to ObjectId failed for value "[object Object]" (type string) at path "_id" for model "Property" - GET - /api/property/get/[object%20Object] - ::1
2025-05-10T17:38:23.721Z  error - 500 - jwt expired - PUT - /api/property/update/681f687a3b2236ffc682f3c1 - ::1
2025-05-10T18:43:52.137Z  error - 500 - jwt expired - GET - /api/property/get-all - ::1
2025-05-10T18:43:52.293Z  error - 500 - jwt expired - GET - /api/auth/profile - ::1
2025-05-11T04:42:31.264Z  error - 500 - Please login to access this resource - GET - /api/property/get-all - ::1
2025-05-11T04:42:31.314Z  error - 500 - Please login to access this resource - GET - /api/auth/profile - ::1
2025-05-11T05:42:59.246Z  error - 500 - jwt expired - GET - /api/property/get-all - ::1
2025-05-11T05:43:04.190Z  error - 500 - jwt expired - GET - /api/property/get-all - ::1
2025-05-11T05:43:30.219Z  error - 500 - jwt expired - GET - /api/property/get-all - ::1
2025-05-11T05:46:08.620Z  error - 500 - CastError: Cast to ObjectId failed for value "${property._id}" (type string) at path "_id" for model "Property" - GET - /api/property/get/$%7Bproperty._id%7D - ::1
2025-05-11T05:46:38.561Z  error - 500 - CastError: Cast to ObjectId failed for value "${property._id}" (type string) at path "_id" for model "Property" - GET - /api/property/get/$%7Bproperty._id%7D - ::1
2025-05-11T05:47:03.205Z  error - 500 - CastError: Cast to ObjectId failed for value "${property._id}" (type string) at path "_id" for model "Property" - GET - /api/property/get/$%7Bproperty._id%7D - ::1
2025-05-11T05:47:05.398Z  error - 500 - CastError: Cast to ObjectId failed for value "${property._id}" (type string) at path "_id" for model "Property" - GET - /api/property/get/$%7Bproperty._id%7D - ::1
2025-05-11T05:47:07.558Z  error - 500 - CastError: Cast to ObjectId failed for value "${property._id}" (type string) at path "_id" for model "Property" - GET - /api/property/get/$%7Bproperty._id%7D - ::1
2025-05-11T05:47:16.280Z  error - 500 - CastError: Cast to ObjectId failed for value "${property._id}" (type string) at path "_id" for model "Property" - GET - /api/property/get/$%7Bproperty._id%7D - ::1
2025-05-11T06:27:34.273Z  error - 500 - Please login to access this resource - GET - /api/booking/get-all-booking - ::1
2025-05-11T06:29:08.315Z  error - 500 - Cannot populate path `user` because it is not in your schema. Set the `strictPopulate` option to false to override. - GET - /api/booking/get-all-booking - ::1
2025-05-11T06:49:04.332Z  error - 500 - jwt expired - GET - /api/property/get-all - ::1
2025-05-11T06:49:04.376Z  error - 500 - jwt expired - GET - /api/booking/get-all-booking - ::1
2025-05-11T06:49:05.259Z  error - 500 - jwt expired - GET - /api/property/get-all - ::1
2025-05-11T06:49:05.262Z  error - 500 - jwt expired - GET - /api/booking/get-all-booking - ::1
2025-05-11T06:49:07.293Z  error - 500 - jwt expired - GET - /api/property/get-all - ::1
2025-05-11T06:49:07.295Z  error - 500 - jwt expired - GET - /api/booking/get-all-booking - ::1
2025-05-11T06:49:37.339Z  error - 500 - jwt expired - GET - /api/property/get-all - ::1
2025-05-11T06:49:37.343Z  error - 500 - jwt expired - GET - /api/booking/get-all-booking - ::1
2025-05-11T06:49:43.211Z  error - 500 - jwt expired - GET - /api/property/get-all - ::1
2025-05-11T06:49:43.217Z  error - 500 - jwt expired - GET - /api/booking/get-all-booking - ::1
2025-05-11T06:49:50.277Z  error - 500 - jwt expired - GET - /api/property/get-all - ::1
2025-05-11T06:49:50.280Z  error - 500 - jwt expired - GET - /api/booking/get-all-booking - ::1
2025-05-11T07:34:33.351Z  error - 500 - Cannot populate path `user` because it is not in your schema. Set the `strictPopulate` option to false to override. - POST - /api/payment/payment-verify - ::1
2025-05-11T07:36:39.266Z  error - 500 - Payment validation failed: property: Path `property` is required. - POST - /api/payment/payment-verify - ::1
2025-05-11T07:38:36.684Z  error - 500 - Payment validation failed: property: Path `property` is required. - POST - /api/payment/payment-verify - ::1
2025-05-11T07:50:06.702Z  error - 500 - user_id is not defined - POST - /api/payment/payment-verify - ::1
2025-05-11T07:54:04.956Z  error - 500 - jwt expired - GET - /api/property/get/6818ce385d2cafb4750f1ce9 - ::1
2025-05-11T07:55:05.693Z  error - 500 - Payment validation failed: user: Cast to ObjectId failed for value "{ username: 'prince', email: undefined }" (type Object) at path "user" because of "BSONError" - POST - /api/payment/payment-verify - ::1
2025-05-11T07:58:47.420Z  error - 500 - property is not defined - POST - /api/payment/payment-verify - ::1
2025-05-11T17:11:26.222Z  error - 500 - Please login to access this resource - GET - /api/property/get-all - ::1
2025-05-11T17:11:26.237Z  error - 500 - Please login to access this resource - GET - /api/auth/profile - ::1
2025-05-11T17:11:33.330Z  error - 500 - Please login to access this resource - GET - /api/property/get-all - ::1
2025-05-11T17:11:33.335Z  error - 500 - Please login to access this resource - GET - /api/booking/get-all-booking - ::1
2025-05-11T17:14:59.994Z  error - 500 - property is not defined - POST - /api/payment/payment-verify - ::1
2025-05-11T17:18:45.995Z  error - 500 - property is not defined - POST - /api/payment/payment-verify - ::1
2025-05-11T17:21:17.476Z  error - 500 - property is not defined - POST - /api/payment/payment-verify - ::1
2025-05-11T17:23:33.619Z  error - 500 - property is not defined - POST - /api/payment/payment-verify - ::1
2025-05-11T17:25:14.951Z  error - 500 - Payment validation failed: user: Cast to ObjectId failed for value "{ username: 'prince', email: 'princechouksey179@gmail.com' }" (type Object) at path "user" because of "BSONError" - POST - /api/payment/payment-verify - ::1
2025-05-11T17:41:28.438Z  error - 500 - Cannot destructure property 'razorpayOrderId' of 'req.body' as it is undefined. - POST - /api/payment/payment-verify - ::1
2025-05-11T17:41:30.263Z  error - 500 - Cannot destructure property 'razorpayOrderId' of 'req.body' as it is undefined. - POST - /api/payment/payment-verify - ::1
2025-05-11T17:41:49.941Z  error - 500 - Cannot destructure property 'razorpayOrderId' of 'req.body' as it is undefined. - POST - /api/payment/payment-verify - ::1
2025-05-11T17:43:46.259Z  error - 500 - Cannot destructure property 'razorpayOrderId' of 'req.body' as it is undefined. - POST - /api/payment/payment-verify - ::1
2025-05-11T17:49:26.672Z  error - 500 - Converting circular structure to JSON
    --> starting at object with constructor 'MongoClient'
    |     property 's' -> object with constructor 'Object'
    |     property 'sessionPool' -> object with constructor 'ServerSessionPool'
    --- property 'client' closes the circle - GET - /api/payment/get-payment - ::1
2025-05-11T18:18:14.079Z  error - 500 - jwt expired - GET - /api/property/get-all - ::1
2025-05-11T18:18:14.161Z  error - 500 - jwt expired - GET - /api/auth/profile - ::1
2025-05-12T03:43:57.865Z  error - 500 - Please login to access this resource - GET - /api/auth/profile - ::1
2025-05-12T03:43:57.991Z  error - 500 - Please login to access this resource - GET - /api/property/get-all - ::1
